<?xml version="1.0" encoding="UTF-8"?>
<testsuite xmlns:xsi="http://www.w3.org/2001/XMLSchema-instance" xsi:noNamespaceSchemaLocation="https://maven.apache.org/surefire/maven-surefire-plugin/xsd/surefire-test-report-3.0.xsd" version="3.0" name="com.underpressure.backend.controllers.web.AuthenticationControllerTests" time="0.442" tests="1" errors="0" skipped="0" failures="0">
  <properties>
[...]
</properties>
  <testcase name="Should_Authenticate" classname="com.underpressure.backend.controllers.web.AuthenticationControllerTests" time="0.015">
    <system-out><![CDATA[2024-02-08T13:46:08.998+02:00  INFO 157082 --- [           main] t.c.s.AnnotationConfigContextLoaderUtils : Could not detect default configuration classes for test class [com.underpressure.backend.controllers.web.AuthenticationControllerTests]: AuthenticationControllerTests does not declare any static, non-private, non-final, nested classes annotated with @Configuration.
2024-02-08T13:46:09.015+02:00  INFO 157082 --- [           main] .b.t.c.SpringBootTestContextBootstrapper : Found @SpringBootConfiguration com.underpressure.backend.BackendApplication for test class com.underpressure.backend.controllers.web.AuthenticationControllerTests

  .   ____          _            __ _ _
 /\\ / ___'_ __ _ _(_)_ __  __ _ \ \ \ \
( ( )\___ | '_ | '_| | '_ \/ _` | \ \ \ \
 \\/  ___)| |_)| | | | | || (_| |  ) ) ) )
  '  |____| .__|_| |_|_| |_\__, | / / / /
 =========|_|==============|___/=/_/_/_/
 :: Spring Boot ::                (v3.2.2)

2024-02-08T13:46:09.070+02:00  INFO 157082 --- [           main] c.u.b.c.w.AuthenticationControllerTests  : Starting AuthenticationControllerTests using Java 21.0.2 with PID 157082 (started by stef in /home/stef/projects/under-pressure-backend/backend)
2024-02-08T13:46:09.071+02:00  INFO 157082 --- [           main] c.u.b.c.w.AuthenticationControllerTests  : No active profile set, falling back to 1 default profile: "default"
2024-02-08T13:46:09.410+02:00  INFO 157082 --- [           main] o.s.b.t.m.w.SpringBootMockServletContext : Initializing Spring TestDispatcherServlet ''
2024-02-08T13:46:09.410+02:00  INFO 157082 --- [           main] o.s.t.web.servlet.TestDispatcherServlet  : Initializing Servlet ''
2024-02-08T13:46:09.411+02:00  INFO 157082 --- [           main] o.s.t.web.servlet.TestDispatcherServlet  : Completed initialization in 1 ms
2024-02-08T13:46:09.417+02:00  INFO 157082 --- [           main] c.u.b.c.w.AuthenticationControllerTests  : Started AuthenticationControllerTests in 0.395 seconds (process running for 4.526)
]]></system-out>
  </testcase>
</testsuite>