<?xml version="1.0" encoding="UTF-8"?>
<testsuite xmlns:xsi="http://www.w3.org/2001/XMLSchema-instance" xsi:noNamespaceSchemaLocation="https://maven.apache.org/surefire/maven-surefire-plugin/xsd/surefire-test-report-3.0.xsd" version="3.0" name="com.underpressure.backend.controllers.data.UnfollowSubjectControllerTests" time="1.092" tests="7" errors="0" skipped="0" failures="0">
  <properties>
[...]
</properties>
  <testcase name="Should_Result_In_NOT_FOUND_When_Request_To_Unfollow_Having_Never_Followed" classname="com.underpressure.backend.controllers.data.UnfollowSubjectControllerTests" time="0.011">
    <system-out><![CDATA[2024-02-08T13:46:13.926+02:00  INFO 157082 --- [           main] t.c.s.AnnotationConfigContextLoaderUtils : Could not detect default configuration classes for test class [com.underpressure.backend.controllers.data.UnfollowSubjectControllerTests]: UnfollowSubjectControllerTests does not declare any static, non-private, non-final, nested classes annotated with @Configuration.
2024-02-08T13:46:13.939+02:00  INFO 157082 --- [           main] .b.t.c.SpringBootTestContextBootstrapper : Found @SpringBootConfiguration com.underpressure.backend.BackendApplication for test class com.underpressure.backend.controllers.data.UnfollowSubjectControllerTests

  .   ____          _            __ _ _
 /\\ / ___'_ __ _ _(_)_ __  __ _ \ \ \ \
( ( )\___ | '_ | '_| | '_ \/ _` | \ \ \ \
 \\/  ___)| |_)| | | | | || (_| |  ) ) ) )
  '  |____| .__|_| |_|_| |_\__, | / / / /
 =========|_|==============|___/=/_/_/_/
 :: Spring Boot ::                (v3.2.2)

2024-02-08T13:46:13.974+02:00  INFO 157082 --- [           main] c.u.b.c.d.UnfollowSubjectControllerTests : Starting UnfollowSubjectControllerTests using Java 21.0.2 with PID 157082 (started by stef in /home/stef/projects/under-pressure-backend/backend)
2024-02-08T13:46:13.974+02:00  INFO 157082 --- [           main] c.u.b.c.d.UnfollowSubjectControllerTests : No active profile set, falling back to 1 default profile: "default"
2024-02-08T13:46:14.062+02:00  INFO 157082 --- [           main] beddedDataSourceBeanFactoryPostProcessor : Replacing 'dataSource' DataSource bean with embedded version
2024-02-08T13:46:14.074+02:00  INFO 157082 --- [           main] o.s.j.d.e.EmbeddedDatabaseFactory        : Starting embedded database: url='jdbc:h2:mem:771cf874-4451-4965-96a1-dff6e1ab8145;DB_CLOSE_DELAY=-1;DB_CLOSE_ON_EXIT=false', username='sa'
2024-02-08T13:46:14.101+02:00  INFO 157082 --- [           main] c.u.b.c.d.UnfollowSubjectControllerTests : Started UnfollowSubjectControllerTests in 0.157 seconds (process running for 9.21)
]]></system-out>
  </testcase>
  <testcase name="Should_Unfollow_A_Subject_When_Request_Valid" classname="com.underpressure.backend.controllers.data.UnfollowSubjectControllerTests" time="0.014">
    <system-out><![CDATA[
  .   ____          _            __ _ _
 /\\ / ___'_ __ _ _(_)_ __  __ _ \ \ \ \
( ( )\___ | '_ | '_| | '_ \/ _` | \ \ \ \
 \\/  ___)| |_)| | | | | || (_| |  ) ) ) )
  '  |____| .__|_| |_|_| |_\__, | / / / /
 =========|_|==============|___/=/_/_/_/
 :: Spring Boot ::                (v3.2.2)

2024-02-08T13:46:14.130+02:00  INFO 157082 --- [           main] c.u.b.c.d.UnfollowSubjectControllerTests : Starting UnfollowSubjectControllerTests using Java 21.0.2 with PID 157082 (started by stef in /home/stef/projects/under-pressure-backend/backend)
2024-02-08T13:46:14.130+02:00  INFO 157082 --- [           main] c.u.b.c.d.UnfollowSubjectControllerTests : No active profile set, falling back to 1 default profile: "default"
2024-02-08T13:46:14.192+02:00  INFO 157082 --- [           main] beddedDataSourceBeanFactoryPostProcessor : Replacing 'dataSource' DataSource bean with embedded version
2024-02-08T13:46:14.201+02:00  INFO 157082 --- [           main] o.s.j.d.e.EmbeddedDatabaseFactory        : Starting embedded database: url='jdbc:h2:mem:2ecf7ade-34e2-4dd2-b3da-6a5d2e80bae8;DB_CLOSE_DELAY=-1;DB_CLOSE_ON_EXIT=false', username='sa'
2024-02-08T13:46:14.220+02:00  INFO 157082 --- [           main] c.u.b.c.d.UnfollowSubjectControllerTests : Started UnfollowSubjectControllerTests in 0.103 seconds (process running for 9.329)
]]></system-out>
  </testcase>
  <testcase name="Should_Result_In_NOT_FOUND_Exception_When_User_Not_Found" classname="com.underpressure.backend.controllers.data.UnfollowSubjectControllerTests" time="0.026">
    <system-out><![CDATA[
  .   ____          _            __ _ _
 /\\ / ___'_ __ _ _(_)_ __  __ _ \ \ \ \
( ( )\___ | '_ | '_| | '_ \/ _` | \ \ \ \
 \\/  ___)| |_)| | | | | || (_| |  ) ) ) )
  '  |____| .__|_| |_|_| |_\__, | / / / /
 =========|_|==============|___/=/_/_/_/
 :: Spring Boot ::                (v3.2.2)

2024-02-08T13:46:14.253+02:00  INFO 157082 --- [           main] c.u.b.c.d.UnfollowSubjectControllerTests : Starting UnfollowSubjectControllerTests using Java 21.0.2 with PID 157082 (started by stef in /home/stef/projects/under-pressure-backend/backend)
2024-02-08T13:46:14.254+02:00  INFO 157082 --- [           main] c.u.b.c.d.UnfollowSubjectControllerTests : No active profile set, falling back to 1 default profile: "default"
2024-02-08T13:46:14.316+02:00  INFO 157082 --- [           main] beddedDataSourceBeanFactoryPostProcessor : Replacing 'dataSource' DataSource bean with embedded version
2024-02-08T13:46:14.324+02:00  INFO 157082 --- [           main] o.s.j.d.e.EmbeddedDatabaseFactory        : Starting embedded database: url='jdbc:h2:mem:45f2be0f-8d2a-4963-bd89-27a32a2aec4d;DB_CLOSE_DELAY=-1;DB_CLOSE_ON_EXIT=false', username='sa'
2024-02-08T13:46:14.346+02:00  INFO 157082 --- [           main] c.u.b.c.d.UnfollowSubjectControllerTests : Started UnfollowSubjectControllerTests in 0.108 seconds (process running for 9.455)
]]></system-out>
  </testcase>
  <testcase name="Should_Result_In_NOT_FOUND_Exception_When_Subject_Not_Found" classname="com.underpressure.backend.controllers.data.UnfollowSubjectControllerTests" time="0.012">
    <system-out><![CDATA[
  .   ____          _            __ _ _
 /\\ / ___'_ __ _ _(_)_ __  __ _ \ \ \ \
( ( )\___ | '_ | '_| | '_ \/ _` | \ \ \ \
 \\/  ___)| |_)| | | | | || (_| |  ) ) ) )
  '  |____| .__|_| |_|_| |_\__, | / / / /
 =========|_|==============|___/=/_/_/_/
 :: Spring Boot ::                (v3.2.2)

2024-02-08T13:46:14.411+02:00  INFO 157082 --- [           main] c.u.b.c.d.UnfollowSubjectControllerTests : Starting UnfollowSubjectControllerTests using Java 21.0.2 with PID 157082 (started by stef in /home/stef/projects/under-pressure-backend/backend)
2024-02-08T13:46:14.411+02:00  INFO 157082 --- [           main] c.u.b.c.d.UnfollowSubjectControllerTests : No active profile set, falling back to 1 default profile: "default"
2024-02-08T13:46:14.500+02:00  INFO 157082 --- [           main] beddedDataSourceBeanFactoryPostProcessor : Replacing 'dataSource' DataSource bean with embedded version
2024-02-08T13:46:14.513+02:00  INFO 157082 --- [           main] o.s.j.d.e.EmbeddedDatabaseFactory        : Starting embedded database: url='jdbc:h2:mem:52a20f28-61a2-4dfe-8825-790f644ecb26;DB_CLOSE_DELAY=-1;DB_CLOSE_ON_EXIT=false', username='sa'
2024-02-08T13:46:14.541+02:00  INFO 157082 --- [           main] c.u.b.c.d.UnfollowSubjectControllerTests : Started UnfollowSubjectControllerTests in 0.162 seconds (process running for 9.65)
]]></system-out>
  </testcase>
  <testcase name="Should_Result_In_BAD_REQUEST_When_SubjectName_Null" classname="com.underpressure.backend.controllers.data.UnfollowSubjectControllerTests" time="0.015">
    <system-out><![CDATA[
  .   ____          _            __ _ _
 /\\ / ___'_ __ _ _(_)_ __  __ _ \ \ \ \
( ( )\___ | '_ | '_| | '_ \/ _` | \ \ \ \
 \\/  ___)| |_)| | | | | || (_| |  ) ) ) )
  '  |____| .__|_| |_|_| |_\__, | / / / /
 =========|_|==============|___/=/_/_/_/
 :: Spring Boot ::                (v3.2.2)

2024-02-08T13:46:14.580+02:00  INFO 157082 --- [           main] c.u.b.c.d.UnfollowSubjectControllerTests : Starting UnfollowSubjectControllerTests using Java 21.0.2 with PID 157082 (started by stef in /home/stef/projects/under-pressure-backend/backend)
2024-02-08T13:46:14.581+02:00  INFO 157082 --- [           main] c.u.b.c.d.UnfollowSubjectControllerTests : No active profile set, falling back to 1 default profile: "default"
2024-02-08T13:46:14.662+02:00  INFO 157082 --- [           main] beddedDataSourceBeanFactoryPostProcessor : Replacing 'dataSource' DataSource bean with embedded version
2024-02-08T13:46:14.673+02:00  INFO 157082 --- [           main] o.s.j.d.e.EmbeddedDatabaseFactory        : Starting embedded database: url='jdbc:h2:mem:61c88a6e-402d-4f41-a23c-99a77cf10e41;DB_CLOSE_DELAY=-1;DB_CLOSE_ON_EXIT=false', username='sa'
2024-02-08T13:46:14.693+02:00  INFO 157082 --- [           main] c.u.b.c.d.UnfollowSubjectControllerTests : Started UnfollowSubjectControllerTests in 0.134 seconds (process running for 9.802)
]]></system-out>
  </testcase>
  <testcase name="Should_Result_In_UNAUTHORIZED_When_BearerToken_Null" classname="com.underpressure.backend.controllers.data.UnfollowSubjectControllerTests" time="0.012">
    <system-out><![CDATA[
  .   ____          _            __ _ _
 /\\ / ___'_ __ _ _(_)_ __  __ _ \ \ \ \
( ( )\___ | '_ | '_| | '_ \/ _` | \ \ \ \
 \\/  ___)| |_)| | | | | || (_| |  ) ) ) )
  '  |____| .__|_| |_|_| |_\__, | / / / /
 =========|_|==============|___/=/_/_/_/
 :: Spring Boot ::                (v3.2.2)

2024-02-08T13:46:14.727+02:00  INFO 157082 --- [           main] c.u.b.c.d.UnfollowSubjectControllerTests : Starting UnfollowSubjectControllerTests using Java 21.0.2 with PID 157082 (started by stef in /home/stef/projects/under-pressure-backend/backend)
2024-02-08T13:46:14.727+02:00  INFO 157082 --- [           main] c.u.b.c.d.UnfollowSubjectControllerTests : No active profile set, falling back to 1 default profile: "default"
2024-02-08T13:46:14.796+02:00  INFO 157082 --- [           main] beddedDataSourceBeanFactoryPostProcessor : Replacing 'dataSource' DataSource bean with embedded version
2024-02-08T13:46:14.809+02:00  INFO 157082 --- [           main] o.s.j.d.e.EmbeddedDatabaseFactory        : Starting embedded database: url='jdbc:h2:mem:b1690261-6802-4d32-989f-beadd8ce1c64;DB_CLOSE_DELAY=-1;DB_CLOSE_ON_EXIT=false', username='sa'
2024-02-08T13:46:14.843+02:00  INFO 157082 --- [           main] c.u.b.c.d.UnfollowSubjectControllerTests : Started UnfollowSubjectControllerTests in 0.13 seconds (process running for 9.952)
]]></system-out>
  </testcase>
  <testcase name="Should_Result_In_BAD_REQUEST_When_Requested_To_Unfollow_Already_Unfollowed" classname="com.underpressure.backend.controllers.data.UnfollowSubjectControllerTests" time="0.018">
    <system-out><![CDATA[
  .   ____          _            __ _ _
 /\\ / ___'_ __ _ _(_)_ __  __ _ \ \ \ \
( ( )\___ | '_ | '_| | '_ \/ _` | \ \ \ \
 \\/  ___)| |_)| | | | | || (_| |  ) ) ) )
  '  |____| .__|_| |_|_| |_\__, | / / / /
 =========|_|==============|___/=/_/_/_/
 :: Spring Boot ::                (v3.2.2)

2024-02-08T13:46:14.877+02:00  INFO 157082 --- [           main] c.u.b.c.d.UnfollowSubjectControllerTests : Starting UnfollowSubjectControllerTests using Java 21.0.2 with PID 157082 (started by stef in /home/stef/projects/under-pressure-backend/backend)
2024-02-08T13:46:14.877+02:00  INFO 157082 --- [           main] c.u.b.c.d.UnfollowSubjectControllerTests : No active profile set, falling back to 1 default profile: "default"
2024-02-08T13:46:14.951+02:00  INFO 157082 --- [           main] beddedDataSourceBeanFactoryPostProcessor : Replacing 'dataSource' DataSource bean with embedded version
2024-02-08T13:46:14.962+02:00  INFO 157082 --- [           main] o.s.j.d.e.EmbeddedDatabaseFactory        : Starting embedded database: url='jdbc:h2:mem:8c06d6dc-be10-424f-ab69-8542853bc6c8;DB_CLOSE_DELAY=-1;DB_CLOSE_ON_EXIT=false', username='sa'
2024-02-08T13:46:14.993+02:00  INFO 157082 --- [           main] c.u.b.c.d.UnfollowSubjectControllerTests : Started UnfollowSubjectControllerTests in 0.132 seconds (process running for 10.102)
]]></system-out>
  </testcase>
</testsuite>