<?xml version="1.0" encoding="UTF-8"?>
<testsuite xmlns:xsi="http://www.w3.org/2001/XMLSchema-instance" xsi:noNamespaceSchemaLocation="https://maven.apache.org/surefire/maven-surefire-plugin/xsd/surefire-test-report-3.0.xsd" version="3.0" name="com.underpressure.backend.controllers.data.FollowSubjectControllerTests" time="0.876" tests="7" errors="0" skipped="0" failures="0">
  <properties>
[...]
</properties>
  <testcase name="Should_Create_A_Subject_When_Request_Valid" classname="com.underpressure.backend.controllers.data.FollowSubjectControllerTests" time="0.012">
    <system-out><![CDATA[2024-02-08T16:30:46.450+02:00  INFO 243233 --- [           main] t.c.s.AnnotationConfigContextLoaderUtils : Could not detect default configuration classes for test class [com.underpressure.backend.controllers.data.FollowSubjectControllerTests]: FollowSubjectControllerTests does not declare any static, non-private, non-final, nested classes annotated with @Configuration.
2024-02-08T16:30:46.462+02:00  INFO 243233 --- [           main] .b.t.c.SpringBootTestContextBootstrapper : Found @SpringBootConfiguration com.underpressure.backend.BackendApplication for test class com.underpressure.backend.controllers.data.FollowSubjectControllerTests

  .   ____          _            __ _ _
 /\\ / ___'_ __ _ _(_)_ __  __ _ \ \ \ \
( ( )\___ | '_ | '_| | '_ \/ _` | \ \ \ \
 \\/  ___)| |_)| | | | | || (_| |  ) ) ) )
  '  |____| .__|_| |_|_| |_\__, | / / / /
 =========|_|==============|___/=/_/_/_/
 :: Spring Boot ::                (v3.2.2)

2024-02-08T16:30:46.496+02:00  INFO 243233 --- [           main] c.u.b.c.d.FollowSubjectControllerTests   : Starting FollowSubjectControllerTests using Java 21.0.2 with PID 243233 (started by stef in /home/stef/projects/under-pressure-backend/backend)
2024-02-08T16:30:46.497+02:00  INFO 243233 --- [           main] c.u.b.c.d.FollowSubjectControllerTests   : The following 1 profile is active: "dev"
2024-02-08T16:30:46.563+02:00  INFO 243233 --- [           main] beddedDataSourceBeanFactoryPostProcessor : Replacing 'dataSource' DataSource bean with embedded version
2024-02-08T16:30:46.573+02:00  INFO 243233 --- [           main] o.s.j.d.e.EmbeddedDatabaseFactory        : Starting embedded database: url='jdbc:h2:mem:b4d6adb9-f857-43c5-9c11-792f9865a9db;DB_CLOSE_DELAY=-1;DB_CLOSE_ON_EXIT=false', username='sa'
2024-02-08T16:30:46.588+02:00  INFO 243233 --- [           main] c.u.b.c.d.FollowSubjectControllerTests   : Started FollowSubjectControllerTests in 0.122 seconds (process running for 9.404)
]]></system-out>
  </testcase>
  <testcase name="Should_Result_In_NOT_FOUND_Exception_When_User_Not_Found" classname="com.underpressure.backend.controllers.data.FollowSubjectControllerTests" time="0.014">
    <system-out><![CDATA[
  .   ____          _            __ _ _
 /\\ / ___'_ __ _ _(_)_ __  __ _ \ \ \ \
( ( )\___ | '_ | '_| | '_ \/ _` | \ \ \ \
 \\/  ___)| |_)| | | | | || (_| |  ) ) ) )
  '  |____| .__|_| |_|_| |_\__, | / / / /
 =========|_|==============|___/=/_/_/_/
 :: Spring Boot ::                (v3.2.2)

2024-02-08T16:30:46.620+02:00  INFO 243233 --- [           main] c.u.b.c.d.FollowSubjectControllerTests   : Starting FollowSubjectControllerTests using Java 21.0.2 with PID 243233 (started by stef in /home/stef/projects/under-pressure-backend/backend)
2024-02-08T16:30:46.620+02:00  INFO 243233 --- [           main] c.u.b.c.d.FollowSubjectControllerTests   : The following 1 profile is active: "dev"
2024-02-08T16:30:46.671+02:00  INFO 243233 --- [           main] beddedDataSourceBeanFactoryPostProcessor : Replacing 'dataSource' DataSource bean with embedded version
2024-02-08T16:30:46.678+02:00  INFO 243233 --- [           main] o.s.j.d.e.EmbeddedDatabaseFactory        : Starting embedded database: url='jdbc:h2:mem:8f815a59-fbbf-4c67-9e51-d9c00fbe0f43;DB_CLOSE_DELAY=-1;DB_CLOSE_ON_EXIT=false', username='sa'
2024-02-08T16:30:46.697+02:00  INFO 243233 --- [           main] c.u.b.c.d.FollowSubjectControllerTests   : Started FollowSubjectControllerTests in 0.091 seconds (process running for 9.513)
]]></system-out>
  </testcase>
  <testcase name="Should_Result_In_NOT_FOUND_Exception_When_Subject_Not_Found" classname="com.underpressure.backend.controllers.data.FollowSubjectControllerTests" time="0.01">
    <system-out><![CDATA[
  .   ____          _            __ _ _
 /\\ / ___'_ __ _ _(_)_ __  __ _ \ \ \ \
( ( )\___ | '_ | '_| | '_ \/ _` | \ \ \ \
 \\/  ___)| |_)| | | | | || (_| |  ) ) ) )
  '  |____| .__|_| |_|_| |_\__, | / / / /
 =========|_|==============|___/=/_/_/_/
 :: Spring Boot ::                (v3.2.2)

2024-02-08T16:30:46.732+02:00  INFO 243233 --- [           main] c.u.b.c.d.FollowSubjectControllerTests   : Starting FollowSubjectControllerTests using Java 21.0.2 with PID 243233 (started by stef in /home/stef/projects/under-pressure-backend/backend)
2024-02-08T16:30:46.733+02:00  INFO 243233 --- [           main] c.u.b.c.d.FollowSubjectControllerTests   : The following 1 profile is active: "dev"
2024-02-08T16:30:46.791+02:00  INFO 243233 --- [           main] beddedDataSourceBeanFactoryPostProcessor : Replacing 'dataSource' DataSource bean with embedded version
2024-02-08T16:30:46.798+02:00  INFO 243233 --- [           main] o.s.j.d.e.EmbeddedDatabaseFactory        : Starting embedded database: url='jdbc:h2:mem:b1ca578d-dfd3-4861-b5b7-971c5a95f4d3;DB_CLOSE_DELAY=-1;DB_CLOSE_ON_EXIT=false', username='sa'
2024-02-08T16:30:46.813+02:00  INFO 243233 --- [           main] c.u.b.c.d.FollowSubjectControllerTests   : Started FollowSubjectControllerTests in 0.098 seconds (process running for 9.629)
]]></system-out>
  </testcase>
  <testcase name="Should_Result_In_BAD_REQUEST_When_SubjectName_Null" classname="com.underpressure.backend.controllers.data.FollowSubjectControllerTests" time="0.015">
    <system-out><![CDATA[
  .   ____          _            __ _ _
 /\\ / ___'_ __ _ _(_)_ __  __ _ \ \ \ \
( ( )\___ | '_ | '_| | '_ \/ _` | \ \ \ \
 \\/  ___)| |_)| | | | | || (_| |  ) ) ) )
  '  |____| .__|_| |_|_| |_\__, | / / / /
 =========|_|==============|___/=/_/_/_/
 :: Spring Boot ::                (v3.2.2)

2024-02-08T16:30:46.850+02:00  INFO 243233 --- [           main] c.u.b.c.d.FollowSubjectControllerTests   : Starting FollowSubjectControllerTests using Java 21.0.2 with PID 243233 (started by stef in /home/stef/projects/under-pressure-backend/backend)
2024-02-08T16:30:46.851+02:00  INFO 243233 --- [           main] c.u.b.c.d.FollowSubjectControllerTests   : The following 1 profile is active: "dev"
2024-02-08T16:30:46.904+02:00  INFO 243233 --- [           main] beddedDataSourceBeanFactoryPostProcessor : Replacing 'dataSource' DataSource bean with embedded version
2024-02-08T16:30:46.912+02:00  INFO 243233 --- [           main] o.s.j.d.e.EmbeddedDatabaseFactory        : Starting embedded database: url='jdbc:h2:mem:4e8359be-951d-4d6e-ab84-77de2b4d2025;DB_CLOSE_DELAY=-1;DB_CLOSE_ON_EXIT=false', username='sa'
2024-02-08T16:30:46.931+02:00  INFO 243233 --- [           main] c.u.b.c.d.FollowSubjectControllerTests   : Started FollowSubjectControllerTests in 0.104 seconds (process running for 9.747)
]]></system-out>
  </testcase>
  <testcase name="Should_Result_In_UNAUTHORIZED_When_BearerToken_Null" classname="com.underpressure.backend.controllers.data.FollowSubjectControllerTests" time="0.024">
    <system-out><![CDATA[
  .   ____          _            __ _ _
 /\\ / ___'_ __ _ _(_)_ __  __ _ \ \ \ \
( ( )\___ | '_ | '_| | '_ \/ _` | \ \ \ \
 \\/  ___)| |_)| | | | | || (_| |  ) ) ) )
  '  |____| .__|_| |_|_| |_\__, | / / / /
 =========|_|==============|___/=/_/_/_/
 :: Spring Boot ::                (v3.2.2)

2024-02-08T16:30:46.976+02:00  INFO 243233 --- [           main] c.u.b.c.d.FollowSubjectControllerTests   : Starting FollowSubjectControllerTests using Java 21.0.2 with PID 243233 (started by stef in /home/stef/projects/under-pressure-backend/backend)
2024-02-08T16:30:46.976+02:00  INFO 243233 --- [           main] c.u.b.c.d.FollowSubjectControllerTests   : The following 1 profile is active: "dev"
2024-02-08T16:30:47.031+02:00  INFO 243233 --- [           main] beddedDataSourceBeanFactoryPostProcessor : Replacing 'dataSource' DataSource bean with embedded version
2024-02-08T16:30:47.049+02:00  INFO 243233 --- [           main] o.s.j.d.e.EmbeddedDatabaseFactory        : Starting embedded database: url='jdbc:h2:mem:0f8be9bb-5b34-452d-b3a8-7518237731fd;DB_CLOSE_DELAY=-1;DB_CLOSE_ON_EXIT=false', username='sa'
2024-02-08T16:30:47.069+02:00  INFO 243233 --- [           main] c.u.b.c.d.FollowSubjectControllerTests   : Started FollowSubjectControllerTests in 0.118 seconds (process running for 9.885)
]]></system-out>
  </testcase>
  <testcase name="Should_Result_In_BAD_REQUEST_When_Requested_To_Follow_Already_Followed" classname="com.underpressure.backend.controllers.data.FollowSubjectControllerTests" time="0.01">
    <system-out><![CDATA[
  .   ____          _            __ _ _
 /\\ / ___'_ __ _ _(_)_ __  __ _ \ \ \ \
( ( )\___ | '_ | '_| | '_ \/ _` | \ \ \ \
 \\/  ___)| |_)| | | | | || (_| |  ) ) ) )
  '  |____| .__|_| |_|_| |_\__, | / / / /
 =========|_|==============|___/=/_/_/_/
 :: Spring Boot ::                (v3.2.2)

2024-02-08T16:30:47.128+02:00  INFO 243233 --- [           main] c.u.b.c.d.FollowSubjectControllerTests   : Starting FollowSubjectControllerTests using Java 21.0.2 with PID 243233 (started by stef in /home/stef/projects/under-pressure-backend/backend)
2024-02-08T16:30:47.128+02:00  INFO 243233 --- [           main] c.u.b.c.d.FollowSubjectControllerTests   : The following 1 profile is active: "dev"
2024-02-08T16:30:47.180+02:00  INFO 243233 --- [           main] beddedDataSourceBeanFactoryPostProcessor : Replacing 'dataSource' DataSource bean with embedded version
2024-02-08T16:30:47.187+02:00  INFO 243233 --- [           main] o.s.j.d.e.EmbeddedDatabaseFactory        : Starting embedded database: url='jdbc:h2:mem:abaa67dc-b634-4fff-8ecd-34f4c2fa455a;DB_CLOSE_DELAY=-1;DB_CLOSE_ON_EXIT=false', username='sa'
2024-02-08T16:30:47.201+02:00  INFO 243233 --- [           main] c.u.b.c.d.FollowSubjectControllerTests   : Started FollowSubjectControllerTests in 0.101 seconds (process running for 10.017)
]]></system-out>
  </testcase>
  <testcase name="Should_Follow_A_Subject_When_Request_Valid" classname="com.underpressure.backend.controllers.data.FollowSubjectControllerTests" time="0.011">
    <system-out><![CDATA[
  .   ____          _            __ _ _
 /\\ / ___'_ __ _ _(_)_ __  __ _ \ \ \ \
( ( )\___ | '_ | '_| | '_ \/ _` | \ \ \ \
 \\/  ___)| |_)| | | | | || (_| |  ) ) ) )
  '  |____| .__|_| |_|_| |_\__, | / / / /
 =========|_|==============|___/=/_/_/_/
 :: Spring Boot ::                (v3.2.2)

2024-02-08T16:30:47.231+02:00  INFO 243233 --- [           main] c.u.b.c.d.FollowSubjectControllerTests   : Starting FollowSubjectControllerTests using Java 21.0.2 with PID 243233 (started by stef in /home/stef/projects/under-pressure-backend/backend)
2024-02-08T16:30:47.231+02:00  INFO 243233 --- [           main] c.u.b.c.d.FollowSubjectControllerTests   : The following 1 profile is active: "dev"
2024-02-08T16:30:47.285+02:00  INFO 243233 --- [           main] beddedDataSourceBeanFactoryPostProcessor : Replacing 'dataSource' DataSource bean with embedded version
2024-02-08T16:30:47.291+02:00  INFO 243233 --- [           main] o.s.j.d.e.EmbeddedDatabaseFactory        : Starting embedded database: url='jdbc:h2:mem:b135fc94-168c-4b99-8141-b73f4a0e7581;DB_CLOSE_DELAY=-1;DB_CLOSE_ON_EXIT=false', username='sa'
2024-02-08T16:30:47.308+02:00  INFO 243233 --- [           main] c.u.b.c.d.FollowSubjectControllerTests   : Started FollowSubjectControllerTests in 0.093 seconds (process running for 10.124)
]]></system-out>
  </testcase>
</testsuite>