<?xml version="1.0" encoding="UTF-8"?>
<testsuite xmlns:xsi="http://www.w3.org/2001/XMLSchema-instance" xsi:noNamespaceSchemaLocation="https://maven.apache.org/surefire/maven-surefire-plugin/xsd/surefire-test-report-3.0.xsd" version="3.0" name="com.underpressure.backend.controllers.data.UpdateEntryControllerTests" time="2.206" tests="10" errors="0" skipped="0" failures="0">
  <properties>
[...]
</properties>
  <testcase name="Should_Update_Entry_When_Request_Valid" classname="com.underpressure.backend.controllers.data.UpdateEntryControllerTests" time="0.161">
    <system-out><![CDATA[2024-02-08T17:30:38.859+02:00  INFO 278561 --- [           main] t.c.s.AnnotationConfigContextLoaderUtils : Could not detect default configuration classes for test class [com.underpressure.backend.controllers.data.UpdateEntryControllerTests]: UpdateEntryControllerTests does not declare any static, non-private, non-final, nested classes annotated with @Configuration.
2024-02-08T17:30:38.877+02:00  INFO 278561 --- [           main] .b.t.c.SpringBootTestContextBootstrapper : Found @SpringBootConfiguration com.underpressure.backend.BackendApplication for test class com.underpressure.backend.controllers.data.UpdateEntryControllerTests

  .   ____          _            __ _ _
 /\\ / ___'_ __ _ _(_)_ __  __ _ \ \ \ \
( ( )\___ | '_ | '_| | '_ \/ _` | \ \ \ \
 \\/  ___)| |_)| | | | | || (_| |  ) ) ) )
  '  |____| .__|_| |_|_| |_\__, | / / / /
 =========|_|==============|___/=/_/_/_/
 :: Spring Boot ::                (v3.2.2)

2024-02-08T17:30:38.902+02:00  INFO 278561 --- [           main] c.u.b.c.data.UpdateEntryControllerTests  : Starting UpdateEntryControllerTests using Java 21.0.2 with PID 278561 (started by stef in /home/stef/projects/under-pressure-backend/backend)
2024-02-08T17:30:38.903+02:00  INFO 278561 --- [           main] c.u.b.c.data.UpdateEntryControllerTests  : The following 1 profile is active: "dev"
2024-02-08T17:30:39.011+02:00  INFO 278561 --- [           main] beddedDataSourceBeanFactoryPostProcessor : Replacing 'dataSource' DataSource bean with embedded version
2024-02-08T17:30:39.050+02:00  INFO 278561 --- [           main] o.s.j.d.e.EmbeddedDatabaseFactory        : Starting embedded database: url='jdbc:h2:mem:c5853239-44c7-4d73-b39a-18e215e2fc1b;DB_CLOSE_DELAY=-1;DB_CLOSE_ON_EXIT=false', username='sa'
2024-02-08T17:30:39.254+02:00  INFO 278561 --- [           main] c.u.b.c.data.UpdateEntryControllerTests  : Started UpdateEntryControllerTests in 0.373 seconds (process running for 5.708)
]]></system-out>
  </testcase>
  <testcase name="Should_Result_In_Not_Found_Exception_When_Stress_Level_Out_Of_Range" classname="com.underpressure.backend.controllers.data.UpdateEntryControllerTests" time="0.022">
    <system-out><![CDATA[
  .   ____          _            __ _ _
 /\\ / ___'_ __ _ _(_)_ __  __ _ \ \ \ \
( ( )\___ | '_ | '_| | '_ \/ _` | \ \ \ \
 \\/  ___)| |_)| | | | | || (_| |  ) ) ) )
  '  |____| .__|_| |_|_| |_\__, | / / / /
 =========|_|==============|___/=/_/_/_/
 :: Spring Boot ::                (v3.2.2)

2024-02-08T17:30:39.438+02:00  INFO 278561 --- [           main] c.u.b.c.data.UpdateEntryControllerTests  : Starting UpdateEntryControllerTests using Java 21.0.2 with PID 278561 (started by stef in /home/stef/projects/under-pressure-backend/backend)
2024-02-08T17:30:39.438+02:00  INFO 278561 --- [           main] c.u.b.c.data.UpdateEntryControllerTests  : The following 1 profile is active: "dev"
2024-02-08T17:30:39.503+02:00  INFO 278561 --- [           main] beddedDataSourceBeanFactoryPostProcessor : Replacing 'dataSource' DataSource bean with embedded version
2024-02-08T17:30:39.512+02:00  INFO 278561 --- [           main] o.s.j.d.e.EmbeddedDatabaseFactory        : Starting embedded database: url='jdbc:h2:mem:912c4c0d-8f97-45e9-8652-1f891538c68c;DB_CLOSE_DELAY=-1;DB_CLOSE_ON_EXIT=false', username='sa'
2024-02-08T17:30:39.534+02:00  INFO 278561 --- [           main] c.u.b.c.data.UpdateEntryControllerTests  : Started UpdateEntryControllerTests in 0.112 seconds (process running for 5.988)
]]></system-out>
  </testcase>
  <testcase name="Should_Result_In_Bad_REQUEST_When_StressLevel_Null" classname="com.underpressure.backend.controllers.data.UpdateEntryControllerTests" time="0.029">
    <system-out><![CDATA[
  .   ____          _            __ _ _
 /\\ / ___'_ __ _ _(_)_ __  __ _ \ \ \ \
( ( )\___ | '_ | '_| | '_ \/ _` | \ \ \ \
 \\/  ___)| |_)| | | | | || (_| |  ) ) ) )
  '  |____| .__|_| |_|_| |_\__, | / / / /
 =========|_|==============|___/=/_/_/_/
 :: Spring Boot ::                (v3.2.2)

2024-02-08T17:30:39.580+02:00  INFO 278561 --- [           main] c.u.b.c.data.UpdateEntryControllerTests  : Starting UpdateEntryControllerTests using Java 21.0.2 with PID 278561 (started by stef in /home/stef/projects/under-pressure-backend/backend)
2024-02-08T17:30:39.580+02:00  INFO 278561 --- [           main] c.u.b.c.data.UpdateEntryControllerTests  : The following 1 profile is active: "dev"
2024-02-08T17:30:39.631+02:00  INFO 278561 --- [           main] beddedDataSourceBeanFactoryPostProcessor : Replacing 'dataSource' DataSource bean with embedded version
2024-02-08T17:30:39.640+02:00  INFO 278561 --- [           main] o.s.j.d.e.EmbeddedDatabaseFactory        : Starting embedded database: url='jdbc:h2:mem:8bf02643-c62b-47f9-a83d-ed7f3599e632;DB_CLOSE_DELAY=-1;DB_CLOSE_ON_EXIT=false', username='sa'
2024-02-08T17:30:39.663+02:00  INFO 278561 --- [           main] c.u.b.c.data.UpdateEntryControllerTests  : Started UpdateEntryControllerTests in 0.102 seconds (process running for 6.118)
]]></system-out>
  </testcase>
  <testcase name="Should_Result_In_Bad_Request_When_Unfollowed" classname="com.underpressure.backend.controllers.data.UpdateEntryControllerTests" time="0.037">
    <system-out><![CDATA[
  .   ____          _            __ _ _
 /\\ / ___'_ __ _ _(_)_ __  __ _ \ \ \ \
( ( )\___ | '_ | '_| | '_ \/ _` | \ \ \ \
 \\/  ___)| |_)| | | | | || (_| |  ) ) ) )
  '  |____| .__|_| |_|_| |_\__, | / / / /
 =========|_|==============|___/=/_/_/_/
 :: Spring Boot ::                (v3.2.2)

2024-02-08T17:30:39.722+02:00  INFO 278561 --- [           main] c.u.b.c.data.UpdateEntryControllerTests  : Starting UpdateEntryControllerTests using Java 21.0.2 with PID 278561 (started by stef in /home/stef/projects/under-pressure-backend/backend)
2024-02-08T17:30:39.722+02:00  INFO 278561 --- [           main] c.u.b.c.data.UpdateEntryControllerTests  : The following 1 profile is active: "dev"
2024-02-08T17:30:39.800+02:00  INFO 278561 --- [           main] beddedDataSourceBeanFactoryPostProcessor : Replacing 'dataSource' DataSource bean with embedded version
2024-02-08T17:30:39.822+02:00  INFO 278561 --- [           main] o.s.j.d.e.EmbeddedDatabaseFactory        : Starting embedded database: url='jdbc:h2:mem:425e6b52-8613-40aa-b031-09fe2b89257c;DB_CLOSE_DELAY=-1;DB_CLOSE_ON_EXIT=false', username='sa'
2024-02-08T17:30:39.863+02:00  INFO 278561 --- [           main] c.u.b.c.data.UpdateEntryControllerTests  : Started UpdateEntryControllerTests in 0.164 seconds (process running for 6.317)
]]></system-out>
  </testcase>
  <testcase name="Should_Result_In_NOT_FOUND_Exception_When_User_Not_Found" classname="com.underpressure.backend.controllers.data.UpdateEntryControllerTests" time="0.033">
    <system-out><![CDATA[
  .   ____          _            __ _ _
 /\\ / ___'_ __ _ _(_)_ __  __ _ \ \ \ \
( ( )\___ | '_ | '_| | '_ \/ _` | \ \ \ \
 \\/  ___)| |_)| | | | | || (_| |  ) ) ) )
  '  |____| .__|_| |_|_| |_\__, | / / / /
 =========|_|==============|___/=/_/_/_/
 :: Spring Boot ::                (v3.2.2)

2024-02-08T17:30:39.949+02:00  INFO 278561 --- [           main] c.u.b.c.data.UpdateEntryControllerTests  : Starting UpdateEntryControllerTests using Java 21.0.2 with PID 278561 (started by stef in /home/stef/projects/under-pressure-backend/backend)
2024-02-08T17:30:39.949+02:00  INFO 278561 --- [           main] c.u.b.c.data.UpdateEntryControllerTests  : The following 1 profile is active: "dev"
2024-02-08T17:30:40.053+02:00  INFO 278561 --- [           main] beddedDataSourceBeanFactoryPostProcessor : Replacing 'dataSource' DataSource bean with embedded version
2024-02-08T17:30:40.079+02:00  INFO 278561 --- [           main] o.s.j.d.e.EmbeddedDatabaseFactory        : Starting embedded database: url='jdbc:h2:mem:714f048d-3a9c-4f5c-95a6-667a34954e1a;DB_CLOSE_DELAY=-1;DB_CLOSE_ON_EXIT=false', username='sa'
2024-02-08T17:30:40.117+02:00  INFO 278561 --- [           main] c.u.b.c.data.UpdateEntryControllerTests  : Started UpdateEntryControllerTests in 0.204 seconds (process running for 6.571)
]]></system-out>
  </testcase>
  <testcase name="Should_Result_In_NOT_FOUND_Exception_When_Subject_Not_Found" classname="com.underpressure.backend.controllers.data.UpdateEntryControllerTests" time="0.021">
    <system-out><![CDATA[
  .   ____          _            __ _ _
 /\\ / ___'_ __ _ _(_)_ __  __ _ \ \ \ \
( ( )\___ | '_ | '_| | '_ \/ _` | \ \ \ \
 \\/  ___)| |_)| | | | | || (_| |  ) ) ) )
  '  |____| .__|_| |_|_| |_\__, | / / / /
 =========|_|==============|___/=/_/_/_/
 :: Spring Boot ::                (v3.2.2)

2024-02-08T17:30:40.186+02:00  INFO 278561 --- [           main] c.u.b.c.data.UpdateEntryControllerTests  : Starting UpdateEntryControllerTests using Java 21.0.2 with PID 278561 (started by stef in /home/stef/projects/under-pressure-backend/backend)
2024-02-08T17:30:40.186+02:00  INFO 278561 --- [           main] c.u.b.c.data.UpdateEntryControllerTests  : The following 1 profile is active: "dev"
2024-02-08T17:30:40.287+02:00  INFO 278561 --- [           main] beddedDataSourceBeanFactoryPostProcessor : Replacing 'dataSource' DataSource bean with embedded version
2024-02-08T17:30:40.305+02:00  INFO 278561 --- [           main] o.s.j.d.e.EmbeddedDatabaseFactory        : Starting embedded database: url='jdbc:h2:mem:4908ef65-499e-4e32-8b89-fdbeb7119a52;DB_CLOSE_DELAY=-1;DB_CLOSE_ON_EXIT=false', username='sa'
2024-02-08T17:30:40.346+02:00  INFO 278561 --- [           main] c.u.b.c.data.UpdateEntryControllerTests  : Started UpdateEntryControllerTests in 0.186 seconds (process running for 6.801)
]]></system-out>
  </testcase>
  <testcase name="Should_Result_In_Bad_Request_When_Not_Followed" classname="com.underpressure.backend.controllers.data.UpdateEntryControllerTests" time="0.023">
    <system-out><![CDATA[
  .   ____          _            __ _ _
 /\\ / ___'_ __ _ _(_)_ __  __ _ \ \ \ \
( ( )\___ | '_ | '_| | '_ \/ _` | \ \ \ \
 \\/  ___)| |_)| | | | | || (_| |  ) ) ) )
  '  |____| .__|_| |_|_| |_\__, | / / / /
 =========|_|==============|___/=/_/_/_/
 :: Spring Boot ::                (v3.2.2)

2024-02-08T17:30:40.396+02:00  INFO 278561 --- [           main] c.u.b.c.data.UpdateEntryControllerTests  : Starting UpdateEntryControllerTests using Java 21.0.2 with PID 278561 (started by stef in /home/stef/projects/under-pressure-backend/backend)
2024-02-08T17:30:40.396+02:00  INFO 278561 --- [           main] c.u.b.c.data.UpdateEntryControllerTests  : The following 1 profile is active: "dev"
2024-02-08T17:30:40.477+02:00  INFO 278561 --- [           main] beddedDataSourceBeanFactoryPostProcessor : Replacing 'dataSource' DataSource bean with embedded version
2024-02-08T17:30:40.495+02:00  INFO 278561 --- [           main] o.s.j.d.e.EmbeddedDatabaseFactory        : Starting embedded database: url='jdbc:h2:mem:514ed073-3f70-4be3-a201-c2a9b639a55f;DB_CLOSE_DELAY=-1;DB_CLOSE_ON_EXIT=false', username='sa'
2024-02-08T17:30:40.524+02:00  INFO 278561 --- [           main] c.u.b.c.data.UpdateEntryControllerTests  : Started UpdateEntryControllerTests in 0.15 seconds (process running for 6.979)
]]></system-out>
  </testcase>
  <testcase name="Should_Result_In_BAD_REQUEST_When_SubjectName_Null" classname="com.underpressure.backend.controllers.data.UpdateEntryControllerTests" time="0.021">
    <system-out><![CDATA[
  .   ____          _            __ _ _
 /\\ / ___'_ __ _ _(_)_ __  __ _ \ \ \ \
( ( )\___ | '_ | '_| | '_ \/ _` | \ \ \ \
 \\/  ___)| |_)| | | | | || (_| |  ) ) ) )
  '  |____| .__|_| |_|_| |_\__, | / / / /
 =========|_|==============|___/=/_/_/_/
 :: Spring Boot ::                (v3.2.2)

2024-02-08T17:30:40.583+02:00  INFO 278561 --- [           main] c.u.b.c.data.UpdateEntryControllerTests  : Starting UpdateEntryControllerTests using Java 21.0.2 with PID 278561 (started by stef in /home/stef/projects/under-pressure-backend/backend)
2024-02-08T17:30:40.583+02:00  INFO 278561 --- [           main] c.u.b.c.data.UpdateEntryControllerTests  : The following 1 profile is active: "dev"
2024-02-08T17:30:40.679+02:00  INFO 278561 --- [           main] beddedDataSourceBeanFactoryPostProcessor : Replacing 'dataSource' DataSource bean with embedded version
2024-02-08T17:30:40.694+02:00  INFO 278561 --- [           main] o.s.j.d.e.EmbeddedDatabaseFactory        : Starting embedded database: url='jdbc:h2:mem:07f2ac59-9730-425a-a5d9-0042d44d7cf3;DB_CLOSE_DELAY=-1;DB_CLOSE_ON_EXIT=false', username='sa'
2024-02-08T17:30:40.727+02:00  INFO 278561 --- [           main] c.u.b.c.data.UpdateEntryControllerTests  : Started UpdateEntryControllerTests in 0.17 seconds (process running for 7.181)
]]></system-out>
  </testcase>
  <testcase name="Should_Result_In_UNAUTHORIZED_When_BearerToken_Null" classname="com.underpressure.backend.controllers.data.UpdateEntryControllerTests" time="0.014">
    <system-out><![CDATA[
  .   ____          _            __ _ _
 /\\ / ___'_ __ _ _(_)_ __  __ _ \ \ \ \
( ( )\___ | '_ | '_| | '_ \/ _` | \ \ \ \
 \\/  ___)| |_)| | | | | || (_| |  ) ) ) )
  '  |____| .__|_| |_|_| |_\__, | / / / /
 =========|_|==============|___/=/_/_/_/
 :: Spring Boot ::                (v3.2.2)

2024-02-08T17:30:40.779+02:00  INFO 278561 --- [           main] c.u.b.c.data.UpdateEntryControllerTests  : Starting UpdateEntryControllerTests using Java 21.0.2 with PID 278561 (started by stef in /home/stef/projects/under-pressure-backend/backend)
2024-02-08T17:30:40.780+02:00  INFO 278561 --- [           main] c.u.b.c.data.UpdateEntryControllerTests  : The following 1 profile is active: "dev"
2024-02-08T17:30:40.852+02:00  INFO 278561 --- [           main] beddedDataSourceBeanFactoryPostProcessor : Replacing 'dataSource' DataSource bean with embedded version
2024-02-08T17:30:40.870+02:00  INFO 278561 --- [           main] o.s.j.d.e.EmbeddedDatabaseFactory        : Starting embedded database: url='jdbc:h2:mem:d6f21256-b689-4ef9-8bb8-dd1d6fc91a77;DB_CLOSE_DELAY=-1;DB_CLOSE_ON_EXIT=false', username='sa'
2024-02-08T17:30:40.908+02:00  INFO 278561 --- [           main] c.u.b.c.data.UpdateEntryControllerTests  : Started UpdateEntryControllerTests in 0.152 seconds (process running for 7.363)
]]></system-out>
  </testcase>
  <testcase name="Should_Add_Entry_When_Request_Valid" classname="com.underpressure.backend.controllers.data.UpdateEntryControllerTests" time="0.015">
    <system-out><![CDATA[
  .   ____          _            __ _ _
 /\\ / ___'_ __ _ _(_)_ __  __ _ \ \ \ \
( ( )\___ | '_ | '_| | '_ \/ _` | \ \ \ \
 \\/  ___)| |_)| | | | | || (_| |  ) ) ) )
  '  |____| .__|_| |_|_| |_\__, | / / / /
 =========|_|==============|___/=/_/_/_/
 :: Spring Boot ::                (v3.2.2)

2024-02-08T17:30:40.944+02:00  INFO 278561 --- [           main] c.u.b.c.data.UpdateEntryControllerTests  : Starting UpdateEntryControllerTests using Java 21.0.2 with PID 278561 (started by stef in /home/stef/projects/under-pressure-backend/backend)
2024-02-08T17:30:40.944+02:00  INFO 278561 --- [           main] c.u.b.c.data.UpdateEntryControllerTests  : The following 1 profile is active: "dev"
2024-02-08T17:30:41.012+02:00  INFO 278561 --- [           main] beddedDataSourceBeanFactoryPostProcessor : Replacing 'dataSource' DataSource bean with embedded version
2024-02-08T17:30:41.021+02:00  INFO 278561 --- [           main] o.s.j.d.e.EmbeddedDatabaseFactory        : Starting embedded database: url='jdbc:h2:mem:2646307a-c02f-4272-8d23-80cf773fef1b;DB_CLOSE_DELAY=-1;DB_CLOSE_ON_EXIT=false', username='sa'
2024-02-08T17:30:41.040+02:00  INFO 278561 --- [           main] c.u.b.c.data.UpdateEntryControllerTests  : Started UpdateEntryControllerTests in 0.112 seconds (process running for 7.494)
]]></system-out>
  </testcase>
</testsuite>