<?xml version="1.0" encoding="UTF-8"?>
<testsuite xmlns:xsi="http://www.w3.org/2001/XMLSchema-instance" xsi:noNamespaceSchemaLocation="https://maven.apache.org/surefire/maven-surefire-plugin/xsd/surefire-test-report-3.0.xsd" version="3.0" name="com.underpressure.backend.controllers.data.FollowSubjectControllerTests" time="0.908" tests="7" errors="0" skipped="0" failures="0">
  <properties>
[...]
</properties>
  <testcase name="Should_Create_A_Subject_When_Request_Valid" classname="com.underpressure.backend.controllers.data.FollowSubjectControllerTests" time="0.015">
    <system-out><![CDATA[2024-02-14T12:22:00.855+02:00  INFO 9343 --- [           main] t.c.s.AnnotationConfigContextLoaderUtils : Could not detect default configuration classes for test class [com.underpressure.backend.controllers.data.FollowSubjectControllerTests]: FollowSubjectControllerTests does not declare any static, non-private, non-final, nested classes annotated with @Configuration.
2024-02-14T12:22:00.862+02:00  INFO 9343 --- [           main] .b.t.c.SpringBootTestContextBootstrapper : Found @SpringBootConfiguration com.underpressure.backend.BackendApplication for test class com.underpressure.backend.controllers.data.FollowSubjectControllerTests

  .   ____          _            __ _ _
 /\\ / ___'_ __ _ _(_)_ __  __ _ \ \ \ \
( ( )\___ | '_ | '_| | '_ \/ _` | \ \ \ \
 \\/  ___)| |_)| | | | | || (_| |  ) ) ) )
  '  |____| .__|_| |_|_| |_\__, | / / / /
 =========|_|==============|___/=/_/_/_/
 :: Spring Boot ::                (v3.2.2)

2024-02-14T12:22:00.880+02:00  INFO 9343 --- [           main] c.u.b.c.d.FollowSubjectControllerTests   : Starting FollowSubjectControllerTests using Java 21.0.2 with PID 9343 (started by stef in /home/stef/projects/under-pressure-backend/backend)
2024-02-14T12:22:00.881+02:00  INFO 9343 --- [           main] c.u.b.c.d.FollowSubjectControllerTests   : The following 1 profile is active: "dev"
2024-02-14T12:22:00.948+02:00  INFO 9343 --- [           main] beddedDataSourceBeanFactoryPostProcessor : Replacing 'dataSource' DataSource bean with embedded version
2024-02-14T12:22:00.957+02:00  INFO 9343 --- [           main] o.s.j.d.e.EmbeddedDatabaseFactory        : Starting embedded database: url='jdbc:h2:mem:ed73ea5a-26af-4761-9fb9-086a1f557f9e;DB_CLOSE_DELAY=-1;DB_CLOSE_ON_EXIT=false', username='sa'
2024-02-14T12:22:00.974+02:00  INFO 9343 --- [           main] c.u.b.c.d.FollowSubjectControllerTests   : Started FollowSubjectControllerTests in 0.11 seconds (process running for 8.968)
]]></system-out>
  </testcase>
  <testcase name="Should_Result_In_NOT_FOUND_Exception_When_User_Not_Found" classname="com.underpressure.backend.controllers.data.FollowSubjectControllerTests" time="0.011">
    <system-out><![CDATA[
  .   ____          _            __ _ _
 /\\ / ___'_ __ _ _(_)_ __  __ _ \ \ \ \
( ( )\___ | '_ | '_| | '_ \/ _` | \ \ \ \
 \\/  ___)| |_)| | | | | || (_| |  ) ) ) )
  '  |____| .__|_| |_|_| |_\__, | / / / /
 =========|_|==============|___/=/_/_/_/
 :: Spring Boot ::                (v3.2.2)

2024-02-14T12:22:01.009+02:00  INFO 9343 --- [           main] c.u.b.c.d.FollowSubjectControllerTests   : Starting FollowSubjectControllerTests using Java 21.0.2 with PID 9343 (started by stef in /home/stef/projects/under-pressure-backend/backend)
2024-02-14T12:22:01.009+02:00  INFO 9343 --- [           main] c.u.b.c.d.FollowSubjectControllerTests   : The following 1 profile is active: "dev"
2024-02-14T12:22:01.081+02:00  INFO 9343 --- [           main] beddedDataSourceBeanFactoryPostProcessor : Replacing 'dataSource' DataSource bean with embedded version
2024-02-14T12:22:01.101+02:00  INFO 9343 --- [           main] o.s.j.d.e.EmbeddedDatabaseFactory        : Starting embedded database: url='jdbc:h2:mem:63991af5-8f8d-49f9-83e8-b886055b7f7e;DB_CLOSE_DELAY=-1;DB_CLOSE_ON_EXIT=false', username='sa'
2024-02-14T12:22:01.131+02:00  INFO 9343 --- [           main] c.u.b.c.d.FollowSubjectControllerTests   : Started FollowSubjectControllerTests in 0.138 seconds (process running for 9.126)
]]></system-out>
  </testcase>
  <testcase name="Should_Result_In_NOT_FOUND_Exception_When_Subject_Not_Found" classname="com.underpressure.backend.controllers.data.FollowSubjectControllerTests" time="0.009">
    <system-out><![CDATA[
  .   ____          _            __ _ _
 /\\ / ___'_ __ _ _(_)_ __  __ _ \ \ \ \
( ( )\___ | '_ | '_| | '_ \/ _` | \ \ \ \
 \\/  ___)| |_)| | | | | || (_| |  ) ) ) )
  '  |____| .__|_| |_|_| |_\__, | / / / /
 =========|_|==============|___/=/_/_/_/
 :: Spring Boot ::                (v3.2.2)

2024-02-14T12:22:01.169+02:00  INFO 9343 --- [           main] c.u.b.c.d.FollowSubjectControllerTests   : Starting FollowSubjectControllerTests using Java 21.0.2 with PID 9343 (started by stef in /home/stef/projects/under-pressure-backend/backend)
2024-02-14T12:22:01.169+02:00  INFO 9343 --- [           main] c.u.b.c.d.FollowSubjectControllerTests   : The following 1 profile is active: "dev"
2024-02-14T12:22:01.220+02:00  INFO 9343 --- [           main] beddedDataSourceBeanFactoryPostProcessor : Replacing 'dataSource' DataSource bean with embedded version
2024-02-14T12:22:01.229+02:00  INFO 9343 --- [           main] o.s.j.d.e.EmbeddedDatabaseFactory        : Starting embedded database: url='jdbc:h2:mem:03f349e6-9e90-4fab-ad45-b11a1c6a4630;DB_CLOSE_DELAY=-1;DB_CLOSE_ON_EXIT=false', username='sa'
2024-02-14T12:22:01.249+02:00  INFO 9343 --- [           main] c.u.b.c.d.FollowSubjectControllerTests   : Started FollowSubjectControllerTests in 0.095 seconds (process running for 9.243)
]]></system-out>
  </testcase>
  <testcase name="Should_Result_In_BAD_REQUEST_When_SubjectName_Null" classname="com.underpressure.backend.controllers.data.FollowSubjectControllerTests" time="0.008">
    <system-out><![CDATA[
  .   ____          _            __ _ _
 /\\ / ___'_ __ _ _(_)_ __  __ _ \ \ \ \
( ( )\___ | '_ | '_| | '_ \/ _` | \ \ \ \
 \\/  ___)| |_)| | | | | || (_| |  ) ) ) )
  '  |____| .__|_| |_|_| |_\__, | / / / /
 =========|_|==============|___/=/_/_/_/
 :: Spring Boot ::                (v3.2.2)

2024-02-14T12:22:01.280+02:00  INFO 9343 --- [           main] c.u.b.c.d.FollowSubjectControllerTests   : Starting FollowSubjectControllerTests using Java 21.0.2 with PID 9343 (started by stef in /home/stef/projects/under-pressure-backend/backend)
2024-02-14T12:22:01.280+02:00  INFO 9343 --- [           main] c.u.b.c.d.FollowSubjectControllerTests   : The following 1 profile is active: "dev"
2024-02-14T12:22:01.336+02:00  INFO 9343 --- [           main] beddedDataSourceBeanFactoryPostProcessor : Replacing 'dataSource' DataSource bean with embedded version
2024-02-14T12:22:01.343+02:00  INFO 9343 --- [           main] o.s.j.d.e.EmbeddedDatabaseFactory        : Starting embedded database: url='jdbc:h2:mem:095b83d7-8e00-4df3-a900-631a325c6655;DB_CLOSE_DELAY=-1;DB_CLOSE_ON_EXIT=false', username='sa'
2024-02-14T12:22:01.357+02:00  INFO 9343 --- [           main] c.u.b.c.d.FollowSubjectControllerTests   : Started FollowSubjectControllerTests in 0.095 seconds (process running for 9.351)
]]></system-out>
  </testcase>
  <testcase name="Should_Result_In_UNAUTHORIZED_When_BearerToken_Null" classname="com.underpressure.backend.controllers.data.FollowSubjectControllerTests" time="0.011">
    <system-out><![CDATA[
  .   ____          _            __ _ _
 /\\ / ___'_ __ _ _(_)_ __  __ _ \ \ \ \
( ( )\___ | '_ | '_| | '_ \/ _` | \ \ \ \
 \\/  ___)| |_)| | | | | || (_| |  ) ) ) )
  '  |____| .__|_| |_|_| |_\__, | / / / /
 =========|_|==============|___/=/_/_/_/
 :: Spring Boot ::                (v3.2.2)

2024-02-14T12:22:01.382+02:00  INFO 9343 --- [           main] c.u.b.c.d.FollowSubjectControllerTests   : Starting FollowSubjectControllerTests using Java 21.0.2 with PID 9343 (started by stef in /home/stef/projects/under-pressure-backend/backend)
2024-02-14T12:22:01.382+02:00  INFO 9343 --- [           main] c.u.b.c.d.FollowSubjectControllerTests   : The following 1 profile is active: "dev"
2024-02-14T12:22:01.442+02:00  INFO 9343 --- [           main] beddedDataSourceBeanFactoryPostProcessor : Replacing 'dataSource' DataSource bean with embedded version
2024-02-14T12:22:01.450+02:00  INFO 9343 --- [           main] o.s.j.d.e.EmbeddedDatabaseFactory        : Starting embedded database: url='jdbc:h2:mem:32f37436-fbe9-422e-8f52-20cbc757b816;DB_CLOSE_DELAY=-1;DB_CLOSE_ON_EXIT=false', username='sa'
2024-02-14T12:22:01.468+02:00  INFO 9343 --- [           main] c.u.b.c.d.FollowSubjectControllerTests   : Started FollowSubjectControllerTests in 0.099 seconds (process running for 9.462)
]]></system-out>
  </testcase>
  <testcase name="Should_Result_In_BAD_REQUEST_When_Requested_To_Follow_Already_Followed" classname="com.underpressure.backend.controllers.data.FollowSubjectControllerTests" time="0.012">
    <system-out><![CDATA[
  .   ____          _            __ _ _
 /\\ / ___'_ __ _ _(_)_ __  __ _ \ \ \ \
( ( )\___ | '_ | '_| | '_ \/ _` | \ \ \ \
 \\/  ___)| |_)| | | | | || (_| |  ) ) ) )
  '  |____| .__|_| |_|_| |_\__, | / / / /
 =========|_|==============|___/=/_/_/_/
 :: Spring Boot ::                (v3.2.2)

2024-02-14T12:22:01.511+02:00  INFO 9343 --- [           main] c.u.b.c.d.FollowSubjectControllerTests   : Starting FollowSubjectControllerTests using Java 21.0.2 with PID 9343 (started by stef in /home/stef/projects/under-pressure-backend/backend)
2024-02-14T12:22:01.511+02:00  INFO 9343 --- [           main] c.u.b.c.d.FollowSubjectControllerTests   : The following 1 profile is active: "dev"
2024-02-14T12:22:01.592+02:00  INFO 9343 --- [           main] beddedDataSourceBeanFactoryPostProcessor : Replacing 'dataSource' DataSource bean with embedded version
2024-02-14T12:22:01.603+02:00  INFO 9343 --- [           main] o.s.j.d.e.EmbeddedDatabaseFactory        : Starting embedded database: url='jdbc:h2:mem:34008d00-bdf9-44ab-aa9b-bd2a737ffde0;DB_CLOSE_DELAY=-1;DB_CLOSE_ON_EXIT=false', username='sa'
2024-02-14T12:22:01.631+02:00  INFO 9343 --- [           main] c.u.b.c.d.FollowSubjectControllerTests   : Started FollowSubjectControllerTests in 0.143 seconds (process running for 9.626)
]]></system-out>
  </testcase>
  <testcase name="Should_Follow_A_Subject_When_Request_Valid" classname="com.underpressure.backend.controllers.data.FollowSubjectControllerTests" time="0.012">
    <system-out><![CDATA[
  .   ____          _            __ _ _
 /\\ / ___'_ __ _ _(_)_ __  __ _ \ \ \ \
( ( )\___ | '_ | '_| | '_ \/ _` | \ \ \ \
 \\/  ___)| |_)| | | | | || (_| |  ) ) ) )
  '  |____| .__|_| |_|_| |_\__, | / / / /
 =========|_|==============|___/=/_/_/_/
 :: Spring Boot ::                (v3.2.2)

2024-02-14T12:22:01.663+02:00  INFO 9343 --- [           main] c.u.b.c.d.FollowSubjectControllerTests   : Starting FollowSubjectControllerTests using Java 21.0.2 with PID 9343 (started by stef in /home/stef/projects/under-pressure-backend/backend)
2024-02-14T12:22:01.664+02:00  INFO 9343 --- [           main] c.u.b.c.d.FollowSubjectControllerTests   : The following 1 profile is active: "dev"
2024-02-14T12:22:01.723+02:00  INFO 9343 --- [           main] beddedDataSourceBeanFactoryPostProcessor : Replacing 'dataSource' DataSource bean with embedded version
2024-02-14T12:22:01.731+02:00  INFO 9343 --- [           main] o.s.j.d.e.EmbeddedDatabaseFactory        : Starting embedded database: url='jdbc:h2:mem:3b422b2b-bada-494a-be3e-de4d1e8bacc7;DB_CLOSE_DELAY=-1;DB_CLOSE_ON_EXIT=false', username='sa'
2024-02-14T12:22:01.745+02:00  INFO 9343 --- [           main] c.u.b.c.d.FollowSubjectControllerTests   : Started FollowSubjectControllerTests in 0.097 seconds (process running for 9.74)
]]></system-out>
  </testcase>
</testsuite>